<?xml version="1.0" encoding="UTF-8"?>
<!-- Generated by org.testng.reporters.JUnitReportReporter -->
<testsuite skipped="0" hostname="DESKTOP-1C8Q75N" name="testCases.ReadOneProducts" tests="1" failures="0" timestamp="21 Jun 2022 20:29:32 GMT" time="1.599" errors="0">
  <testcase name="readOneProducts" time="1.599" classname="testCases.ReadOneProducts"/>
</testsuite> <!-- testCases.ReadOneProducts -->
