<?xml version="1.0" encoding="UTF-8"?>
<!-- Generated by org.testng.reporters.JUnitReportReporter -->
<testsuite skipped="0" hostname="DESKTOP-1C8Q75N" name="testCases.ReadAllProducts" tests="1" failures="0" timestamp="21 Jun 2022 17:17:59 GMT" time="2.499" errors="0">
  <testcase name="readAllProducts" time="2.499" classname="testCases.ReadAllProducts"/>
</testsuite> <!-- testCases.ReadAllProducts -->
