<?xml version="1.0" encoding="UTF-8"?>
<!-- Generated by org.testng.reporters.JUnitReportReporter -->
<testsuite skipped="0" hostname="DESKTOP-1C8Q75N" name="testCases.DeleteOneProduct" tests="2" failures="0" timestamp="23 Jun 2022 03:14:42 GMT" time="2.858" errors="0">
  <testcase name="deleteOneProduct" time="1.632" classname="testCases.DeleteOneProduct"/>
  <testcase name="validateProductDeleteDetails" time="1.226" classname="testCases.DeleteOneProduct"/>
</testsuite> <!-- testCases.DeleteOneProduct -->
